雾岛
|-voice/雾岛/Kirishima25.mp3
|-voice/雾岛/Kirishima01.mp3
|-voice/雾岛/Kirishima03.mp3
|-voice/雾岛/Kirishima02.mp3
|-voice/雾岛/Kirishima04.mp3
|-voice/雾岛/Kirishima02_Valentine.mp3
|-voice/雾岛/WhiteDay_Kirishima.mp3
|-voice/雾岛/Kirishima_2nd_year_Anniversary_secretary.mp3
|-voice/雾岛/Christmas_wudao.mp3
|-voice/雾岛/Kirishima02_nenmatu.mp3
|-voice/雾岛/Kirishima02_newyear2016.mp3
|-voice/雾岛/Kirishima02_setsubun2016.mp3
|-voice/雾岛/Kirishima02_third_anniversary.mp3
|-voice/雾岛/Kirishima02_Sanma2016.mp3
|-voice/雾岛/Kirishima24.mp3
|-voice/雾岛/Kirishima28.mp3
|-voice/雾岛/Kirishima28Kai.mp3
|-voice/雾岛/Kirishima13.mp3
|-voice/雾岛/Kirishima13.mp3
|-voice/雾岛/Kirishima14.mp3
|-voice/雾岛/Kirishima26.mp3
|-voice/雾岛/Kirishima26KaiNi.mp3
|-voice/雾岛/Kirishima15.mp3
|-voice/雾岛/Kirishima15.mp3
|-voice/雾岛/Kirishima16.mp3
|-voice/雾岛/Kirishima16_Valentine.mp3
|-voice/雾岛/Kirishima18.mp3
|-voice/雾岛/Kirishima17.mp3
|-voice/雾岛/Kirishima19.mp3
|-voice/雾岛/Kirishima20.mp3
|-voice/雾岛/Kirishima21.mp3
|-voice/雾岛/Kirishima23.mp3
|-voice/雾岛/Kirishima07.mp3
|-voice/雾岛/Kirishima09.mp3
|-voice/雾岛/Kirishima27.mp3
|-voice/雾岛/Kirishima09.mp3
|-voice/雾岛/Kirishima10.mp3
|-voice/雾岛/Kirishima26.mp3
|-voice/雾岛/Kirishima11.mp3
|-voice/雾岛/Kirishima12.mp3
|-voice/雾岛/Kirishima06.mp3
|-voice/雾岛/Kirishima05.mp3
|-voice/雾岛/Kirishima08.mp3
|-voice/雾岛/Kirishima22.mp3
|-voice/雾岛/Kirishima30.mp3
|-voice/雾岛/Kirishima31.mp3
|-voice/雾岛/Kirishima32.mp3
|-voice/雾岛/Kirishima33.mp3
|-voice/雾岛/Kirishima34.mp3
|-voice/雾岛/Kirishima35.mp3
|-voice/雾岛/Kirishima36.mp3
|-voice/雾岛/Kirishima37.mp3
|-voice/雾岛/Kirishima38.mp3
|-voice/雾岛/Kirishima39.mp3
|-voice/雾岛/Kirishima40.mp3
|-voice/雾岛/Kirishima41.mp3
|-voice/雾岛/Kirishima42.mp3
|-voice/雾岛/Kirishima43.mp3
|-voice/雾岛/Kirishima44.mp3
|-voice/雾岛/Kirishima45.mp3
|-voice/雾岛/Kirishima46.mp3
|-voice/雾岛/Kirishima47.mp3
|-voice/雾岛/Kirishima48.mp3
|-voice/雾岛/Kirishima49.mp3
|-voice/雾岛/Kirishima50.mp3
|-voice/雾岛/Kirishima51.mp3
|-voice/雾岛/Kirishima52.mp3
|-voice/雾岛/Kirishima53.mp3
|-voice/雾岛/Kirishima29.mp3
俾斯麦
|-voice/俾斯麦/Bismarck25.mp3
|-voice/俾斯麦/Bismarck01.mp3
|-voice/俾斯麦/Bismarck02.mp3
|-voice/俾斯麦/Bismarck03.mp3
|-voice/俾斯麦/Bismarck04.mp3
|-voice/俾斯麦/BismarckZwei03.mp3
|-voice/俾斯麦/Bismarck02christmas.mp3
|-voice/俾斯麦/Bismarck02_NewYear.mp3
|-voice/俾斯麦/Bismarck24.mp3
|-voice/俾斯麦/Bismarck28.mp3
|-voice/俾斯麦/Bismarck13.mp3
|-voice/俾斯麦/Bismarck13.mp3
|-voice/俾斯麦/Bismarck14.mp3
|-voice/俾斯麦/Bismarck26.mp3
|-voice/俾斯麦/Bismarck26.mp3
|-voice/俾斯麦/Bismarck15.mp3
|-voice/俾斯麦/Bismarck15.mp3
|-voice/俾斯麦/Bismarck16.mp3
|-voice/俾斯麦/Bismarck18.mp3
|-voice/俾斯麦/Bismarck17.mp3
|-voice/俾斯麦/Bismarck19.mp3
|-voice/俾斯麦/Bismarck20.mp3
|-voice/俾斯麦/BismarckZwei19.mp3
|-voice/俾斯麦/Bismarck21.mp3
|-voice/俾斯麦/Bismarck20.mp3
|-voice/俾斯麦/Bismarck23.mp3
|-voice/俾斯麦/Bismarck07.mp3
|-voice/俾斯麦/Bismarck27.mp3
|-voice/俾斯麦/Bismarck09.mp3
|-voice/俾斯麦/Bismarck10.mp3
|-voice/俾斯麦/Bismarck26.mp3
|-voice/俾斯麦/Bismarck11.mp3
|-voice/俾斯麦/Bismarck12.mp3
|-voice/俾斯麦/Bismarck06.mp3
|-voice/俾斯麦/Bismarck05.mp3
|-voice/俾斯麦/Bismarck08.mp3
|-voice/俾斯麦/Bismarck22.mp3
|-voice/俾斯麦/Bismarck30.mp3
|-voice/俾斯麦/Bismarck31.mp3
|-voice/俾斯麦/Bismarck32.mp3
|-voice/俾斯麦/Bismarck33.mp3
|-voice/俾斯麦/Bismarck34.mp3
|-voice/俾斯麦/Bismarck35.mp3
|-voice/俾斯麦/Bismarck36.mp3
|-voice/俾斯麦/Bismarck37.mp3
|-voice/俾斯麦/Bismarck38.mp3
|-voice/俾斯麦/Bismarck39.mp3
|-voice/俾斯麦/Bismarck40.mp3
|-voice/俾斯麦/Bismarck41.mp3
|-voice/俾斯麦/Bismarck42.mp3
|-voice/俾斯麦/Bismarck43.mp3
|-voice/俾斯麦/Bismarck44.mp3
|-voice/俾斯麦/Bismarck45.mp3
|-voice/俾斯麦/Bismarck46.mp3
|-voice/俾斯麦/Bismarck47.mp3
|-voice/俾斯麦/Bismarck48.mp3
|-voice/俾斯麦/Bismarck49.mp3
|-voice/俾斯麦/Bismarck50.mp3
|-voice/俾斯麦/Bismarck51.mp3
|-voice/俾斯麦/Bismarck52.mp3
|-voice/俾斯麦/Bismarck53.mp3
|-voice/俾斯麦/Bismarck29.mp3
利托里奥
|-voice/利托里奥/Littorio25.mp3
|-voice/利托里奥/Littorio25Kai.mp3
|-voice/利托里奥/Littorio01.mp3
|-voice/利托里奥/Littorio01Kai.mp3
|-voice/利托里奥/Littorio02.mp3
|-voice/利托里奥/Littorio02Kai.mp3
|-voice/利托里奥/Littorio03.mp3
|-voice/利托里奥/Littorio03Kai.mp3
|-voice/利托里奥/Littorio04.mp3
|-voice/利托里奥/Littorio02tsuyu.mp3
|-voice/利托里奥/Italia02natsu.mp3
|-voice/利托里奥/Italia15Manatsu.mp3
|-voice/利托里奥/Littorio_02_Xmas.mp3
|-voice/利托里奥/Littorio_Christmas.mp3
|-voice/利托里奥/Littorio02_nenmatu.mp3
|-voice/利托里奥/Littorio02_newyear2016.mp3
|-voice/利托里奥/Littorio02_setsubun2016.mp3
|-voice/利托里奥/Littorio02_whiteday2016.mp3
|-voice/利托里奥/Littorio02_haru2016.mp3
|-voice/利托里奥/Italia_third_anniversary.mp3
|-voice/利托里奥/Littorio24.mp3
|-voice/利托里奥/Littorio28.mp3
|-voice/利托里奥/Littorio28kai.mp3
|-voice/利托里奥/Littorio13.mp3
|-voice/利托里奥/Littorio13Kai.mp3
|-voice/利托里奥/Littorio14.mp3
|-voice/利托里奥/Littorio13.mp3
|-voice/利托里奥/Littorio14Kai.mp3
|-voice/利托里奥/Littorio13Kai.mp3
|-voice/利托里奥/Littorio26.mp3
|-voice/利托里奥/Littorio15.mp3
|-voice/利托里奥/Littorio15.mp3
|-voice/利托里奥/Littorio16.mp3
|-voice/利托里奥/Littorio18.mp3
|-voice/利托里奥/Littorio18Kai.mp3
|-voice/利托里奥/Littorio17.mp3
|-voice/利托里奥/Littorio19.mp3
|-voice/利托里奥/Littorio20.mp3
|-voice/利托里奥/Littorio21.mp3
|-voice/利托里奥/Littorio23.mp3
|-voice/利托里奥/Littorio23Kai.mp3
|-voice/利托里奥/Littorio07.mp3
|-voice/利托里奥/Littorio27.mp3
|-voice/利托里奥/Italia_27.mp3
|-voice/利托里奥/Littorio09.mp3
|-voice/利托里奥/Littorio10.mp3
|-voice/利托里奥/Littorio26.mp3
|-voice/利托里奥/Littorio11.mp3
|-voice/利托里奥/Littorio12.mp3
|-voice/利托里奥/Littorio05.mp3
|-voice/利托里奥/Littorio08.mp3
|-voice/利托里奥/Littorio22.mp3
|-voice/利托里奥/Littorio30Kai.mp3
|-voice/利托里奥/Littorio31Kai.mp3
|-voice/利托里奥/Littorio32Kai.mp3
|-voice/利托里奥/Littorio33Kai.mp3
|-voice/利托里奥/Littorio34Kai.mp3
|-voice/利托里奥/Littorio35Kai.mp3
|-voice/利托里奥/Littorio36Kai.mp3
|-voice/利托里奥/Littorio37Kai.mp3
|-voice/利托里奥/Littorio38Kai.mp3
|-voice/利托里奥/Littorio39Kai.mp3
|-voice/利托里奥/Littorio40Kai.mp3
|-voice/利托里奥/Littorio41Kai.mp3
|-voice/利托里奥/Littorio42Kai.mp3
|-voice/利托里奥/Littorio43Kai.mp3
|-voice/利托里奥/Littorio44Kai.mp3
|-voice/利托里奥/Littorio45Kai.mp3
|-voice/利托里奥/Littorio46Kai.mp3
|-voice/利托里奥/Littorio47Kai.mp3
|-voice/利托里奥/Littorio48Kai.mp3
|-voice/利托里奥/Littorio49Kai.mp3
|-voice/利托里奥/Littorio50Kai.mp3
|-voice/利托里奥/Littorio51Kai.mp3
|-voice/利托里奥/Littorio52Kai.mp3
|-voice/利托里奥/Littorio53Kai.mp3
|-voice/利托里奥/Littorio29.mp3
罗马
|-voice/罗马/Roma25.mp3
|-voice/罗马/Roma01.mp3
|-voice/罗马/Roma02.mp3
|-voice/罗马/Roma03.mp3
|-voice/罗马/Roma04.mp3
|-voice/罗马/RomaKai02.mp3
|-voice/罗马/Roma02tsuyu.mp3
|-voice/罗马/Roma02natsu.mp3
|-voice/罗马/Roma15Manatsu.mp3
|-voice/罗马/Roma_Xmas.mp3
|-voice/罗马/Roma02_nenmatu.mp3
|-voice/罗马/Roma02_newyear2016.mp3
|-voice/罗马/Roma02_setsubun2016.mp3
|-voice/罗马/Roma02_Valentine2016.mp3
|-voice/罗马/Roma02_whiteday2016.mp3
|-voice/罗马/Roma02_haru2016.mp3
|-voice/罗马/Roma_third_anniversary.mp3
|-voice/罗马/Roma24.mp3
|-voice/罗马/Roma28.mp3
|-voice/罗马/Roma13.mp3
|-voice/罗马/Roma13.mp3
|-voice/罗马/Roma14.mp3
|-voice/罗马/Roma26.mp3
|-voice/罗马/Roma26.mp3
|-voice/罗马/Roma15.mp3
|-voice/罗马/Roma15.mp3
|-voice/罗马/Roma16.mp3
|-voice/罗马/Roma18.mp3
|-voice/罗马/Roma17.mp3
|-voice/罗马/Roma19.mp3
|-voice/罗马/Roma20.mp3
|-voice/罗马/Roma21.mp3
|-voice/罗马/Roma23.mp3
|-voice/罗马/Roma07.mp3
|-voice/罗马/Roma27.mp3
|-voice/罗马/Roma09.mp3
|-voice/罗马/Roma10.mp3
|-voice/罗马/Roma26.mp3
|-voice/罗马/Roma11.mp3
|-voice/罗马/Roma12.mp3
|-voice/罗马/Roma05.mp3
|-voice/罗马/Roma08.mp3
|-voice/罗马/Roma22.mp3
|-voice/罗马/Roma30.mp3
|-voice/罗马/Roma31.mp3
|-voice/罗马/Roma32.mp3
|-voice/罗马/Roma33.mp3
|-voice/罗马/Roma34.mp3
|-voice/罗马/Roma35.mp3
|-voice/罗马/Roma36.mp3
|-voice/罗马/Roma37.mp3
|-voice/罗马/Roma38.mp3
|-voice/罗马/Roma39.mp3
|-voice/罗马/Roma40.mp3
|-voice/罗马/Roma41.mp3
|-voice/罗马/Roma42.mp3
|-voice/罗马/Roma43.mp3
|-voice/罗马/Roma44.mp3
|-voice/罗马/Roma45.mp3
|-voice/罗马/Roma46.mp3
|-voice/罗马/Roma47.mp3
|-voice/罗马/Roma48.mp3
|-voice/罗马/Roma49.mp3
|-voice/罗马/Roma50.mp3
|-voice/罗马/Roma51.mp3
|-voice/罗马/Roma52.mp3
|-voice/罗马/Roma53.mp3
|-voice/罗马/Roma29.mp3
衣阿华
|-voice/衣阿华/Iowa25.mp3
|-voice/衣阿华/Iowa01.mp3
|-voice/衣阿华/Iowa01_kai.mp3
|-voice/衣阿华/Iowa02.mp3
|-voice/衣阿华/Iowa03.mp3
|-voice/衣阿华/Iowa04.mp3
|-voice/衣阿华/Iowa24.mp3
|-voice/衣阿华/Iowa02_tsuyu.mp3
|-voice/衣阿华/Iowa02_aki.mp3
|-voice/衣阿华/Iowa02_Sanma2016.mp3
|-voice/衣阿华/Iowa28.mp3
|-voice/衣阿华/Iowa13.mp3
|-voice/衣阿华/Iowa13.mp3
|-voice/衣阿华/Iowa14.mp3
|-voice/衣阿华/Iowa26.mp3
|-voice/衣阿华/Iowa26.mp3
|-voice/衣阿华/Iowa15.mp3
|-voice/衣阿华/Iowa16.mp3
|-voice/衣阿华/Iowa15.mp3
|-voice/衣阿华/Iowa16_kai.mp3
|-voice/衣阿华/Iowa18.mp3
|-voice/衣阿华/Iowa17.mp3
|-voice/衣阿华/Iowa19.mp3
|-voice/衣阿华/Iowa20.mp3
|-voice/衣阿华/Iowa21.mp3
|-voice/衣阿华/Iowa23.mp3
|-voice/衣阿华/Iowa07.mp3
|-voice/衣阿华/Iowa27.mp3
|-voice/衣阿华/Iowa09.mp3
|-voice/衣阿华/Iowa10.mp3
|-voice/衣阿华/Iowa26.mp3
|-voice/衣阿华/Iowa10_kai.mp3
|-voice/衣阿华/Iowa09_kai.mp3
|-voice/衣阿华/Iowa11.mp3
|-voice/衣阿华/Iowa12.mp3
|-voice/衣阿华/Iowa05.mp3
|-voice/衣阿华/Iowa08.mp3
|-voice/衣阿华/Iowa22.mp3
|-voice/衣阿华/Iowa30.mp3
|-voice/衣阿华/Iowa31.mp3
|-voice/衣阿华/Iowa32.mp3
|-voice/衣阿华/Iowa33.mp3
|-voice/衣阿华/Iowa34.mp3
|-voice/衣阿华/Iowa35.mp3
|-voice/衣阿华/Iowa36.mp3
|-voice/衣阿华/Iowa37.mp3
|-voice/衣阿华/Iowa38.mp3
|-voice/衣阿华/Iowa39.mp3
|-voice/衣阿华/Iowa40.mp3
|-voice/衣阿华/Iowa41.mp3
|-voice/衣阿华/Iowa42.mp3
|-voice/衣阿华/Iowa43.mp3
|-voice/衣阿华/Iowa44.mp3
|-voice/衣阿华/Iowa45.mp3
|-voice/衣阿华/Iowa46.mp3
|-voice/衣阿华/Iowa47.mp3
|-voice/衣阿华/Iowa48.mp3
|-voice/衣阿华/Iowa49.mp3
|-voice/衣阿华/Iowa50.mp3
|-voice/衣阿华/Iowa51.mp3
|-voice/衣阿华/Iowa52.mp3
|-voice/衣阿华/Iowa53.mp3
|-voice/衣阿华/Iowa29.mp3
扶桑
|-voice/扶桑/Fuso_v25.mp3
|-voice/扶桑/Fuso_v1.mp3
|-voice/扶桑/Fuso_v4.mp3
|-voice/扶桑/Fuso_v3.mp3
|-voice/扶桑/Fuso02.mp3
|-voice/扶桑/Fuso_v03KaiNi.mp3
|-voice/扶桑/FusouKaiNi2.mp3
|-voice/扶桑/Fuso_2nd_year.mp3
|-voice/扶桑/Fuso02tsuyu.mp3
|-voice/扶桑/Fuso15natsu.mp3
|-voice/扶桑/Fuso_summer.mp3
|-voice/扶桑/Fuso01aki.mp3
|-voice/扶桑/Christmas_fusang.mp3
|-voice/扶桑/Fuso02_nenmatsu.mp3
|-voice/扶桑/Fuso02NewYear.mp3
|-voice/扶桑/Fuso02_setsubun2016.mp3
|-voice/扶桑/Fuso02_Valentine2016.mp3
|-voice/扶桑/Fuso02_whiteday2016.mp3
|-voice/扶桑/Fuso02_third_anniversary.mp3
|-voice/扶桑/Fuso02_Sanma2016.mp3
|-voice/扶桑/Fuso_v24.mp3
|-voice/扶桑/Fuso_v28.mp3
|-voice/扶桑/Fuso_v13.mp3
|-voice/扶桑/Fuso_v13.mp3
|-voice/扶桑/Fuso_v14.mp3
|-voice/扶桑/Fuso_v26.mp3
|-voice/扶桑/Fuso_v26.mp3
|-voice/扶桑/Fuso_v15.mp3
|-voice/扶桑/Fuso_v17.mp3
|-voice/扶桑/Fuso_v16.mp3
|-voice/扶桑/Fuso_v15.mp3
|-voice/扶桑/Fuso_v18.mp3
|-voice/扶桑/Fuso_v17.mp3
|-voice/扶桑/Fuso_v20.mp3
|-voice/扶桑/Fuso_v19.mp3
|-voice/扶桑/Fuso_v21.mp3
|-voice/扶桑/Fuso_v23.mp3
|-voice/扶桑/Fuso_v7.mp3
|-voice/扶桑/Fuso_v27.mp3
|-voice/扶桑/Fuso_v27Kai.mp3
|-voice/扶桑/Fuso_v27.mp3
|-voice/扶桑/Fuso_v10.mp3
|-voice/扶桑/Fuso_v26.mp3
|-voice/扶桑/Fuso_v11.mp3
|-voice/扶桑/Fuso_v12.mp3
|-voice/扶桑/Fuso_v6.mp3
|-voice/扶桑/Fuso_v5.mp3
|-voice/扶桑/Fuso_v8.mp3
|-voice/扶桑/Fuso_v22.mp3
|-voice/扶桑/Fuso_v29.mp3
山城
|-voice/山城/Yamashiro_v25.mp3
|-voice/山城/Yamashiro_v1.mp3
|-voice/山城/Yamashiro02.mp3
|-voice/山城/Yamashiro_v3.mp3
|-voice/山城/Yamashiro_v4.mp3
|-voice/山城/Yamashiro_v28.mp3
|-voice/山城/Yamashiro_v3.mp3
|-voice/山城/Yamashiro_2nd_year.mp3
|-voice/山城/Yamashiro02tsuyu.mp3
|-voice/山城/Yamashiro15natsu.mp3
|-voice/山城/Yamashiro_summer.mp3
|-voice/山城/Yamashiro01aki.mp3
|-voice/山城/Christmas_shancheng.mp3
|-voice/山城/Yamashiro02_nenmatsu.mp3
|-voice/山城/Yamashiro02NewYear.mp3
|-voice/山城/Yamashiro02_setsubun2016.mp3
|-voice/山城/Yamashiro02_Valentine2016.mp3
|-voice/山城/Yamashiro02_whiteday2016.mp3
|-voice/山城/Yamashiro02_third_anniversary.mp3
|-voice/山城/Yamashiro02_Sanma2016.mp3
|-voice/山城/Yamashiro_v24.mp3
|-voice/山城/Yamashiro_v28.mp3
|-voice/山城/Yamashiro_married_ver.2.mp3
|-voice/山城/Yamashiro_v13.mp3
|-voice/山城/Yamashiro_v13.mp3
|-voice/山城/Yamashiro_v14.mp3
|-voice/山城/Yamashiro_v26.mp3
|-voice/山城/Yamashiro_v26.mp3
|-voice/山城/Yamashiro_v15.mp3
|-voice/山城/Yamashiro_v15.mp3
|-voice/山城/Yamashiro_v16.mp3
|-voice/山城/Yamashiro_v18.mp3
|-voice/山城/Yamashiro_v17.mp3
|-voice/山城/Yamashiro_v19.mp3
|-voice/山城/Yamashiro_v20.mp3
|-voice/山城/Yamashiro_v21.mp3
|-voice/山城/Yamashiro_v23.mp3
|-voice/山城/Yamashiro_v7.mp3
|-voice/山城/Yamashiro_v27.mp3
|-voice/山城/YamashiroKai_v27.mp3
|-voice/山城/Yamashiro_v27.mp3
|-voice/山城/Yamashiro_v10.mp3
|-voice/山城/Yamashiro_v26.mp3
|-voice/山城/Yamashiro_v11.mp3
|-voice/山城/Yamashiro_v12.mp3
|-voice/山城/Yamashiro_v5.mp3
|-voice/山城/Yamashiro_v6.mp3
|-voice/山城/Yamashiro_v8.mp3
|-voice/山城/Yamashiro_v22.mp3
|-voice/山城/Yamashiro_v29.mp3
伊势
|-voice/伊势/Ise25.mp3
|-voice/伊势/Ise01.mp3
|-voice/伊势/Ise02.mp3
|-voice/伊势/Ise03.mp3
|-voice/伊势/Ise04.mp3
|-voice/伊势/Ise02_Valentine.mp3
|-voice/伊势/Ise02_2nd_year.mp3
|-voice/伊势/Ise_End_of_Year_02.mp3
|-voice/伊势/Ise02_NewYear.mp3
|-voice/伊势/Ise24.mp3
|-voice/伊势/Ise28.mp3
|-voice/伊势/Ise13.mp3
|-voice/伊势/Ise14.mp3
|-voice/伊势/Ise13.mp3
|-voice/伊势/Ise28.mp3
|-voice/伊势/Ise28.mp3
|-voice/伊势/Ise15.mp3
|-voice/伊势/Ise16.mp3
|-voice/伊势/Ise15.mp3
|-voice/伊势/Ise18.mp3
|-voice/伊势/Ise17.mp3
|-voice/伊势/Ise19.mp3
|-voice/伊势/Ise20.mp3
|-voice/伊势/Ise21.mp3
|-voice/伊势/Ise23.mp3
|-voice/伊势/Ise07.mp3
|-voice/伊势/Ise09.mp3
|-voice/伊势/Ise26.mp3
|-voice/伊势/Ise28.mp3
|-voice/伊势/Ise11.mp3
|-voice/伊势/Ise12.mp3
|-voice/伊势/Ise06.mp3
|-voice/伊势/Ise05.mp3
|-voice/伊势/Ise08.mp3
|-voice/伊势/Ise22.mp3
|-voice/伊势/Ise25Kai.mp3
|-voice/伊势/Ise01Kai.mp3
|-voice/伊势/Ise02kai.mp3
|-voice/伊势/Ise03Kai.mp3
|-voice/伊势/Ise04Kai.mp3
|-voice/伊势/Ise24Kai.mp3
|-voice/伊势/Ise28Kai.mp3
|-voice/伊势/Ise13Kai.mp3
|-voice/伊势/Ise13Kai.mp3
|-voice/伊势/Ise14Kai.mp3
|-voice/伊势/Ise28Kai.mp3
|-voice/伊势/Ise28Kai.mp3
|-voice/伊势/Ise15Kai.mp3
|-voice/伊势/Ise17Kai.mp3
|-voice/伊势/Ise15Kai.mp3
|-voice/伊势/Ise16Kai.mp3
|-voice/伊势/Ise18Kai.mp3
|-voice/伊势/Ise17Kai.mp3
|-voice/伊势/Ise19Kai.mp3
|-voice/伊势/Ise20Kai.mp3
|-voice/伊势/Ise21Kai.mp3
|-voice/伊势/Ise23Kai.mp3
|-voice/伊势/Ise07Kai.mp3
|-voice/伊势/Ise10Kai.mp3
|-voice/伊势/Ise27Kai.mp3
|-voice/伊势/Ise28Kai.mp3
|-voice/伊势/Ise11Kai.mp3
|-voice/伊势/Ise12Kai.mp3
|-voice/伊势/Ise06Kai.mp3
|-voice/伊势/Ise05Kai.mp3
|-voice/伊势/Ise08Kai.mp3
|-voice/伊势/Ise22Kai.mp3
日向
|-voice/日向/Hyuuga25.mp3
|-voice/日向/Hyuuga01.mp3
|-voice/日向/Hyuuga02.mp3
|-voice/日向/Hyuuga03.mp3
|-voice/日向/Hyuuga04.mp3
|-voice/日向/Hyuga02_Valentine.mp3
|-voice/日向/Hyuga02_2nd_year.mp3
|-voice/日向/Hyuuga02tsuyu.mp3
|-voice/日向/Hyuuga15natsu.mp3
|-voice/日向/Hyuga02_Xmas.mp3
|-voice/日向/Hyuuga_End_of_Year_02.mp3
|-voice/日向/Hyuga02_NewYear.mp3
|-voice/日向/Hyuuga24.mp3
|-voice/日向/Hyuuga28.mp3
|-voice/日向/Hyuuga13.mp3
|-voice/日向/Hyuuga14.mp3
|-voice/日向/Hyuuga13.mp3
|-voice/日向/Hyuuga28.mp3
|-voice/日向/Hyuuga28.mp3
|-voice/日向/Hyuuga15.mp3
|-voice/日向/Hyuuga16.mp3
|-voice/日向/Hyuuga15.mp3
|-voice/日向/Hyuuga18.mp3
|-voice/日向/Hyuuga17.mp3
|-voice/日向/Hyuuga19.mp3
|-voice/日向/Hyuuga20.mp3
|-voice/日向/Hyuuga21.mp3
|-voice/日向/Hyuuga23.mp3
|-voice/日向/Hyuuga07.mp3
|-voice/日向/Hyuuga27.mp3
|-voice/日向/Hyuuga10.mp3
|-voice/日向/Hyuuga28.mp3
|-voice/日向/Hyuuga11.mp3
|-voice/日向/Hyuuga12.mp3
|-voice/日向/Hyuuga06.mp3
|-voice/日向/Hyuuga05.mp3
|-voice/日向/Hyuuga08.mp3
|-voice/日向/Hyuuga22.mp3
|-voice/日向/Hyuuga25Kai.mp3
|-voice/日向/Hyuuga01Kai.mp3
|-voice/日向/Hyuuga02kai.mp3
|-voice/日向/Hyuuga03Kai.mp3
|-voice/日向/Hyuuga04Kai.mp3
|-voice/日向/Hyuuga24Kai.mp3
|-voice/日向/Hyuuga28Kai.mp3
|-voice/日向/Hyuuga13Kai.mp3
|-voice/日向/Hyuuga14Kai.mp3
|-voice/日向/Hyuuga13Kai.mp3
|-voice/日向/Hyuuga28Kai.mp3
|-voice/日向/Hyuuga28Kai.mp3
|-voice/日向/Hyuuga15Kai.mp3
|-voice/日向/Hyuuga17Kai.mp3
|-voice/日向/Hyuuga16Kai.mp3
|-voice/日向/Hyuuga15Kai.mp3
|-voice/日向/Hyuuga18Kai.mp3
|-voice/日向/Hyuuga17Kai.mp3
|-voice/日向/Hyuuga20Kai.mp3
|-voice/日向/Hyuuga19Kai.mp3
|-voice/日向/Hyuuga21Kai.mp3
|-voice/日向/Hyuuga23Kai.mp3
|-voice/日向/Hyuuga07Kai.mp3
|-voice/日向/Hyuuga27Kai.mp3
|-voice/日向/Hyuuga28Kai.mp3
|-voice/日向/Hyuuga10Kai.mp3
|-voice/日向/Hyuuga11Kai.mp3
|-voice/日向/Hyuuga12Kai.mp3
|-voice/日向/Hyuuga06Kai.mp3
|-voice/日向/Hyuuga05Kai.mp3
|-voice/日向/Hyuuga08Kai.mp3
|-voice/日向/Hyuuga22Kai.mp3
长门
|-voice/长门/Nagato25.mp3
|-voice/长门/Nagato01.mp3
|-voice/长门/Nagato01Kai.mp3
|-voice/长门/Nagato02.mp3
|-voice/长门/Nagato03.mp3
|-voice/长门/Nagato04.mp3
|-voice/长门/Nagato04Kai.mp3
|-voice/长门/Nagato02tsuyu.mp3
|-voice/长门/Nagato15natsu.mp3
|-voice/长门/Nagato03_Xmas.mp3
|-voice/长门/Nagato04_Xmas.mp3.mp3
|-voice/长门/Nagato02_nenmatsu.mp3
|-voice/长门/Nagato02_NewYear.mp3
|-voice/长门/Nagato02_setsubun2016.mp3
|-voice/长门/Nagato02_Valentine.mp3
|-voice/长门/Nagato02_whiteday2016.mp3
|-voice/长门/Nagato02_third_anniversary.mp3
|-voice/长门/Nagato24.mp3
|-voice/长门/Nagato28.mp3
|-voice/长门/Nagato13.mp3
|-voice/长门/Nagato14.mp3
|-voice/长门/Nagato13.mp3
|-voice/长门/Nagato26.mp3
|-voice/长门/Nagato26.mp3
|-voice/长门/Nagato15.mp3
|-voice/长门/Nagato16.mp3
|-voice/长门/Nagato15.mp3
|-voice/长门/Nagato18.mp3
|-voice/长门/Nagato17.mp3
|-voice/长门/Nagato19.mp3
|-voice/长门/Nagato20.mp3
|-voice/长门/Nagato21.mp3
|-voice/长门/Nagato23.mp3
|-voice/长门/Nagato20.mp3
|-voice/长门/Nagato07.mp3
|-voice/长门/Nagato27.mp3
|-voice/长门/Nagato27.mp3
|-voice/长门/Nagato10.mp3
|-voice/长门/Nagato26.mp3
|-voice/长门/Nagato11.mp3
|-voice/长门/Nagato12.mp3
|-voice/长门/Nagato06.mp3
|-voice/长门/Nagato05.mp3
|-voice/长门/Nagato08.mp3
|-voice/长门/Nagato22.mp3
|-voice/长门/Nagato29.mp3
陆奥
|-voice/陆奥/Mutsu25.mp3
|-voice/陆奥/Mutsu01.mp3
|-voice/陆奥/Mutsu03.mp3
|-voice/陆奥/Mutsu02.mp3
|-voice/陆奥/Mutsu04.mp3
|-voice/陆奥/Mutsu04kai.mp3
|-voice/陆奥/Mutsu02tsuyu.mp3
|-voice/陆奥/Mutsu15natsu.mp3
|-voice/陆奥/Mutsu02_nenmatsu.mp3
|-voice/陆奥/Mutsu02_newyear2016.mp3
|-voice/陆奥/Mutsu02_Valentine2016.mp3
|-voice/陆奥/Mutsu02_whiteday2016.mp3
|-voice/陆奥/Mutsu02_third_anniversary.mp3
|-voice/陆奥/Mutsu02_aki2016.mp3
|-voice/陆奥/Mutsu24.mp3
|-voice/陆奥/Mutsu28.mp3
|-voice/陆奥/Mutsu13.mp3
|-voice/陆奥/Mutsu14.mp3
|-voice/陆奥/Mutsu13.mp3
|-voice/陆奥/Mutsu26.mp3
|-voice/陆奥/Mutsu26.mp3
|-voice/陆奥/Mutsu15.mp3
|-voice/陆奥/Mutsu16.mp3
|-voice/陆奥/Mutsu15.mp3
|-voice/陆奥/Mutsu18.mp3
|-voice/陆奥/Mutsu17.mp3
|-voice/陆奥/Mutsu19.mp3
|-voice/陆奥/Mutsu20.mp3
|-voice/陆奥/Mutsu21.mp3
|-voice/陆奥/Mutsu20.mp3
|-voice/陆奥/Mutsu_23.mp3
|-voice/陆奥/Mutsu07.mp3
|-voice/陆奥/Mutsu10.mp3
|-voice/陆奥/Mutsu27kai.mp3
|-voice/陆奥/Mutsu10.mp3
|-voice/陆奥/Mutsu09.mp3
|-voice/陆奥/Mutsu26.mp3
|-voice/陆奥/Mutsu11.mp3
|-voice/陆奥/Mutsu12.mp3
|-voice/陆奥/Mutsu05.mp3
|-voice/陆奥/Mutsu08.mp3
|-voice/陆奥/Mutsu22.mp3
|-voice/陆奥/Mutsu29.mp3
大和
|-voice/大和/Yamato25.mp3
|-voice/大和/Yamato01.mp3
|-voice/大和/Yamato01kai.mp3
|-voice/大和/Yamato03.mp3
|-voice/大和/Yamato02.mp3
|-voice/大和/Yamato04.mp3
|-voice/大和/Yamato02kai.mp3
|-voice/大和/Yamato03kai.mp3
|-voice/大和/Yamato04kai.mp3
|-voice/大和/Yamato02_hinamatsuri2016.mp3
|-voice/大和/Yamato02_whiteday2016.mp3
|-voice/大和/Yamato02_haru2016.mp3
|-voice/大和/Yamato02_2016Sansyunen.mp3
|-voice/大和/Yamato02_2016tsuyu.mp3
|-voice/大和/Yamato_2016natsu.mp3
|-voice/大和/Yamato_2016aki.mp3
|-voice/大和/Yamato02_Sanma2016.mp3
|-voice/大和/Yamato24.mp3
|-voice/大和/Yamato28.mp3
|-voice/大和/Yamato28kai.mp3
|-voice/大和/Yamato13.mp3
|-voice/大和/Yamato13kai.mp3
|-voice/大和/Yamato13.mp3
|-voice/大和/Yamato14.mp3
|-voice/大和/Yamato13kai.mp3
|-voice/大和/Yamato26.mp3
|-voice/大和/Yamato26.mp3
|-voice/大和/Yamato15.mp3
|-voice/大和/Yamato15kai.mp3
|-voice/大和/Yamato15.mp3
|-voice/大和/Yamato16.mp3
|-voice/大和/Yamato15kai.mp3
|-voice/大和/Yamato16kai.mp3
|-voice/大和/Yamato18.mp3
|-voice/大和/Yamato18kai.mp3
|-voice/大和/Yamato17.mp3
|-voice/大和/Yamato17kai.mp3
|-voice/大和/Yamato17.mp3
|-voice/大和/Yamato17kai.mp3
|-voice/大和/Yamato19.mp3
|-voice/大和/Yamato20.mp3
|-voice/大和/Yamato21.mp3
|-voice/大和/Yamato23.mp3
|-voice/大和/Yamato07.mp3
|-voice/大和/Yamato07kai.mp3
|-voice/大和/Yamato27.mp3
|-voice/大和/Yamato09.mp3
|-voice/大和/Yamato10.mp3
|-voice/大和/Yamato26.mp3
|-voice/大和/Yamato09kai.mp3
|-voice/大和/Yamato10kai.mp3
|-voice/大和/Yamato11.mp3
|-voice/大和/Yamato11kai.mp3
|-voice/大和/Yamato12.mp3
|-voice/大和/Yamato12kai.mp3
|-voice/大和/Yamato06.mp3
|-voice/大和/Yamato06kai.mp3
|-voice/大和/Yamato05.mp3
|-voice/大和/Yamato05kai.mp3
|-voice/大和/Yamato08.mp3
|-voice/大和/Yamato08kai.mp3
|-voice/大和/Yamato22.mp3
|-voice/大和/Yamato30.mp3
|-voice/大和/Yamato31.mp3
|-voice/大和/Yamato32.mp3
|-voice/大和/Yamato33.mp3
|-voice/大和/Yamato34.mp3
|-voice/大和/Yamato35.mp3
|-voice/大和/Yamato36.mp3
|-voice/大和/Yamato37.mp3
|-voice/大和/Yamato38.mp3
|-voice/大和/Yamato39.mp3
|-voice/大和/Yamato40.mp3
|-voice/大和/Yamato41.mp3
|-voice/大和/Yamato42.mp3
|-voice/大和/Yamato43.mp3
|-voice/大和/Yamato44.mp3
|-voice/大和/Yamato45.mp3
|-voice/大和/Yamato46.mp3
|-voice/大和/Yamato47.mp3
|-voice/大和/Yamato48.mp3
|-voice/大和/Yamato49.mp3
|-voice/大和/Yamato50.mp3
|-voice/大和/Yamato51.mp3
|-voice/大和/Yamato52.mp3
|-voice/大和/Yamato53.mp3
|-voice/大和/Yamato29.mp3
武藏
|-voice/武藏/Musashi25.mp3
|-voice/武藏/Musashi01.mp3
|-voice/武藏/Musashi01Kai.mp3
|-voice/武藏/Musashi02.mp3
|-voice/武藏/Musashi03.mp3
|-voice/武藏/Musashi04.mp3
|-voice/武藏/Musashi02Kai.mp3
|-voice/武藏/Musashi03Kai.mp3
|-voice/武藏/Musashi04Kai.mp3
|-voice/武藏/Musashi_Christmas.mp3
|-voice/武藏/Musashi02_nenmatsu.mp3
|-voice/武藏/Musashi02_newyear2016.mp3
|-voice/武藏/Musashi02_setsubun2016.mp3
|-voice/武藏/Musashi02_Valentine2016.mp3
|-voice/武藏/Musashi02_whiteday2016.mp3
|-voice/武藏/Musashi02_haru2016.mp3
|-voice/武藏/Musashi02_third_anniversary.mp3
|-voice/武藏/Musashi02_tsuyu.mp3
|-voice/武藏/Musashi02_natsu.mp3
|-voice/武藏/Musashi02_Sanma2016.mp3
|-voice/武藏/Musashi02_banshuu2016.mp3
|-voice/武藏/Musashi24.mp3
|-voice/武藏/Musashi28.mp3
|-voice/武藏/Musashikai28.mp3
|-voice/武藏/Musashi13.mp3
|-voice/武藏/Musashi13Kai.mp3
|-voice/武藏/Musashi13.mp3
|-voice/武藏/Musashi14.mp3
|-voice/武藏/Musashi15.mp3
|-voice/武藏/Musashi13Kai.mp3
|-voice/武藏/Musashi14Kai.mp3
|-voice/武藏/Musashi26.mp3
|-voice/武藏/Musashi26.mp3
|-voice/武藏/Musashi15.mp3
|-voice/武藏/Musashi15Kai.mp3
|-voice/武藏/Musashi16.mp3
|-voice/武藏/Musashi15.mp3
|-voice/武藏/Musashi15Kai.mp3
|-voice/武藏/Musashi16Kai.mp3
|-voice/武藏/Musashi18.mp3
|-voice/武藏/Musashi18Kai.mp3
|-voice/武藏/Musashi17.mp3
|-voice/武藏/Musashi17Kai.mp3
|-voice/武藏/Musashi17.mp3
|-voice/武藏/Musashi17Kai.mp3
|-voice/武藏/Musashi19.mp3
|-voice/武藏/Musashi20.mp3
|-voice/武藏/Musashi21.mp3
|-voice/武藏/Musashi23.mp3
|-voice/武藏/Musashi07.mp3
|-voice/武藏/Musashi07Kai.mp3
|-voice/武藏/Musashi27.mp3
|-voice/武藏/Musashi09.mp3
|-voice/武藏/Musashi10.mp3
|-voice/武藏/Musashi26.mp3
|-voice/武藏/Musashi09Kai.mp3
|-voice/武藏/Musashi10Kai.mp3
|-voice/武藏/Musashi11.mp3
|-voice/武藏/Musashi11Kai.mp3
|-voice/武藏/Musashi12.mp3
|-voice/武藏/Musashi12Kai.mp3
|-voice/武藏/Musashi06.mp3
|-voice/武藏/Musashi05.mp3
|-voice/武藏/Musashi05Kai.mp3
|-voice/武藏/Musashi08.mp3
|-voice/武藏/Musashi08Kai.mp3
|-voice/武藏/Musashi22.mp3
|-voice/武藏/Musashi30.mp3
|-voice/武藏/Musashi31.mp3
|-voice/武藏/Musashi32.mp3
|-voice/武藏/Musashi33.mp3
|-voice/武藏/Musashi34.mp3
|-voice/武藏/Musashi35.mp3
|-voice/武藏/Musashi36.mp3
|-voice/武藏/Musashi37.mp3
|-voice/武藏/Musashi38.mp3
|-voice/武藏/Musashi39.mp3
|-voice/武藏/Musashi40.mp3
|-voice/武藏/Musashi41.mp3
|-voice/武藏/Musashi42.mp3
|-voice/武藏/Musashi43.mp3
|-voice/武藏/Musashi44.mp3
|-voice/武藏/Musashi45.mp3
|-voice/武藏/Musashi46.mp3
|-voice/武藏/Musashi47.mp3
|-voice/武藏/Musashi48.mp3
|-voice/武藏/Musashi49.mp3
|-voice/武藏/Musashi50.mp3
|-voice/武藏/Musashi51.mp3
|-voice/武藏/Musashi52.mp3
|-voice/武藏/Musashi53.mp3
|-voice/武藏/Musashi29.mp3
|-voice/武藏/Musashi28.mp3
厌战
|-voice/厌战/Warspite02_aki.mp3
|-voice/厌战/Warspite02_Sanma2016.mp3
|-voice/厌战/Warspite02_Xmas2016.mp3
赤城
|-voice/赤城/Akagi25.mp3
|-voice/赤城/Akagi01.mp3
|-voice/赤城/Akagi04.mp3
|-voice/赤城/Akagi03.mp3
|-voice/赤城/Akagi02.mp3
|-voice/赤城/Akagi02MI.mp3
|-voice/赤城/Akagi_2nd_year.mp3
|-voice/赤城/Akagi02tsuyu.mp3
|-voice/赤城/Akagi15natsu.mp3
|-voice/赤城/Christmas_chicheng.mp3
|-voice/赤城/Akagi02_nenmatsu.mp3
|-voice/赤城/Akagi02_newyear2016.mp3
|-voice/赤城/Akagi02_setsubun2016.mp3
|-voice/赤城/Akagi02_Valentine2016.mp3
|-voice/赤城/Akagi02_whiteday2016.mp3
|-voice/赤城/Akagi02_third_anniversary.mp3
|-voice/赤城/Akagi02_aki.mp3
|-voice/赤城/Akagi24.mp3
|-voice/赤城/Akagi28.mp3
|-voice/赤城/Akagi-Joining_A_Sortie.mp3
|-voice/赤城/Akagi13MI.mp3
|-voice/赤城/Akagi-Joining_A_Sortie.mp3
|-voice/赤城/Akagi14.mp3
|-voice/赤城/Akagi14MI.mp3
|-voice/赤城/Akagi26.mp3
|-voice/赤城/Akagi26.mp3
|-voice/赤城/Akagi15.mp3
|-voice/赤城/Akagi17.mp3
|-voice/赤城/Akagi18.mp3
|-voice/赤城/Akagi18.mp3
|-voice/赤城/Akagi16.mp3
|-voice/赤城/Akagi19.mp3
|-voice/赤城/Akagi20.mp3
|-voice/赤城/Akagi21.mp3
|-voice/赤城/Akagi23.mp3
|-voice/赤城/Akagi07.mp3
|-voice/赤城/Akagi09.mp3
|-voice/赤城/Akagi27.mp3
|-voice/赤城/Akagi10.mp3
|-voice/赤城/Akagi09.mp3
|-voice/赤城/Akagi26.mp3
|-voice/赤城/Akagi11.mp3
|-voice/赤城/Akagi12.mp3
|-voice/赤城/Akagi05.mp3
|-voice/赤城/Akagi06.mp3
|-voice/赤城/Akagi08.mp3
|-voice/赤城/Akagi22.mp3
|-voice/赤城/Akagi29.mp3
加贺
|-voice/加贺/Kaga25.mp3
|-voice/加贺/%E5%85%A5%E6%89%8B.mp3
|-voice/加贺/Kaga03.mp3
|-voice/加贺/Kaga02.mp3
|-voice/加贺/Kaga04.mp3
|-voice/加贺/Kaga04kai.mp3
|-voice/加贺/Kaga02tsuyu.mp3
|-voice/加贺/Kaga15natsu.mp3
|-voice/加贺/Christmas_jiahe.mp3
|-voice/加贺/Kaga_End_of_Year_02.mp3
|-voice/加贺/Kaga02_nenmatsu.mp3
|-voice/加贺/Kaga02_newyear2016.mp3
|-voice/加贺/Kaga02_setsubun2016.mp3
|-voice/加贺/Kaga02_Valentine2016.mp3
|-voice/加贺/Kaga02_whiteday2016.mp3
|-voice/加贺/Kaga02_third_anniversary.mp3
|-voice/加贺/Kaga24.mp3
|-voice/加贺/Kaga28.mp3
|-voice/加贺/Kaga13.mp3
|-voice/加贺/Kaga14.mp3
|-voice/加贺/Kaga13.mp3
|-voice/加贺/Kaga26.mp3
|-voice/加贺/Kaga26.mp3
|-voice/加贺/Kaga15.mp3
|-voice/加贺/Kaga18.mp3
|-voice/加贺/Kaga15.mp3
|-voice/加贺/Kaga13.mp3
|-voice/加贺/Kaga18.mp3
|-voice/加贺/Kaga18.mp3
|-voice/加贺/Kaga15.mp3
|-voice/加贺/Kaga16.mp3
|-voice/加贺/Kaga19.mp3
|-voice/加贺/Kaga20.mp3
|-voice/加贺/Kaga20kai.mp3
|-voice/加贺/Kaga21.mp3
|-voice/加贺/Kaga23.mp3
|-voice/加贺/Kaga07.mp3
|-voice/加贺/Kaga27.mp3
|-voice/加贺/Kaga09.mp3
|-voice/加贺/Kaga10.mp3
|-voice/加贺/Kaga26.mp3
|-voice/加贺/Kaga11.mp3
|-voice/加贺/Kaga12.mp3
|-voice/加贺/Kaga06.mp3
|-voice/加贺/Kaga05.mp3
|-voice/加贺/Kaga05kai.mp3
|-voice/加贺/Kaga08.mp3
|-voice/加贺/Kaga22.mp3
|-voice/加贺/Kaga30.mp3
|-voice/加贺/Kaga31.mp3
|-voice/加贺/Kaga32.mp3
|-voice/加贺/Kaga33.mp3
|-voice/加贺/Kaga34.mp3
|-voice/加贺/Kaga35.mp3
|-voice/加贺/Kaga36.mp3
|-voice/加贺/Kaga37.mp3
|-voice/加贺/Kaga38.mp3
|-voice/加贺/Kaga39.mp3
|-voice/加贺/Kaga40.mp3
|-voice/加贺/Kaga41.mp3
|-voice/加贺/Kaga42.mp3
|-voice/加贺/Kaga43.mp3
|-voice/加贺/Kaga44.mp3
|-voice/加贺/Kaga45.mp3
|-voice/加贺/Kaga46.mp3
|-voice/加贺/Kaga47.mp3
|-voice/加贺/Kaga48.mp3
|-voice/加贺/Kaga49.mp3
|-voice/加贺/Kaga50.mp3
|-voice/加贺/Kaga51.mp3
|-voice/加贺/Kaga52.mp3
|-voice/加贺/Kaga53.mp3
|-voice/加贺/Kaga29.mp3
|-voice/加贺/Kaga29MI.mp3
苍龙
|-voice/苍龙/Soryu25.mp3
|-voice/苍龙/Soryu01.mp3
|-voice/苍龙/Soryu04.mp3
|-voice/苍龙/Soryu03.mp3
|-voice/苍龙/Soryu02.mp3
|-voice/苍龙/SoryuKaiNi02.mp3
|-voice/苍龙/SoryuKaiNi03.mp3
|-voice/苍龙/SoryuKaiNi04.mp3
|-voice/苍龙/Soryu02_Valentine.mp3
|-voice/苍龙/Soryu02_2nd_year.mp3
|-voice/苍龙/Soryu02_Xmas.mp3
|-voice/苍龙/Soryu02_NewYear.mp3
|-voice/苍龙/Soryu02_Sanma2016.mp3
|-voice/苍龙/Soryu24.mp3
|-voice/苍龙/Soryu28.mp3
|-voice/苍龙/Soryu28new.mp3
|-voice/苍龙/Soryu13.mp3
|-voice/苍龙/SoryuKaiNi13.mp3
|-voice/苍龙/Soryu14.mp3
|-voice/苍龙/Soryu13.mp3
|-voice/苍龙/SoryuKaiNi13.mp3
|-voice/苍龙/SoryuKaiNi14.mp3
|-voice/苍龙/Soryu28.mp3
|-voice/苍龙/Soryu28.mp3
|-voice/苍龙/Soryu15.mp3
|-voice/苍龙/SoryuKaiNi15.mp3
|-voice/苍龙/Soryu17.mp3
|-voice/苍龙/Soryu18.mp3
|-voice/苍龙/Soryu16.mp3
|-voice/苍龙/Soryu15.mp3
|-voice/苍龙/Soryu20.mp3
|-voice/苍龙/Soryu19.mp3
|-voice/苍龙/Soryu21.mp3
|-voice/苍龙/Soryu23.mp3
|-voice/苍龙/SoryuKaiNi23.mp3
|-voice/苍龙/Soryu20.mp3
|-voice/苍龙/Soryu07.mp3
|-voice/苍龙/SoryuKaiNi27.mp3
|-voice/苍龙/Soryu27.mp3
|-voice/苍龙/SoryuKaiNi27true.mp3
|-voice/苍龙/Soryu27.mp3
|-voice/苍龙/Soryu10.mp3
|-voice/苍龙/Soryu28.mp3
|-voice/苍龙/SoryuKaiNi09.mp3
|-voice/苍龙/SoryuKaiNi10.mp3
|-voice/苍龙/Soryu11.mp3
|-voice/苍龙/Soryu12.mp3
|-voice/苍龙/Soryu05.mp3
|-voice/苍龙/Soryu06.mp3
|-voice/苍龙/Soryu08.mp3
|-voice/苍龙/SoryuKaiNi08.mp3
|-voice/苍龙/Soryu22.mp3
|-voice/苍龙/SoryuKai30.mp3
|-voice/苍龙/SoryuKai31.mp3
|-voice/苍龙/SoryuKai32.mp3
|-voice/苍龙/SoryuKai33.mp3
|-voice/苍龙/SoryuKai34.mp3
|-voice/苍龙/SoryuKai35.mp3
|-voice/苍龙/SoryuKai36.mp3
|-voice/苍龙/SoryuKai37.mp3
|-voice/苍龙/SoryuKai38.mp3
|-voice/苍龙/SoryuKai39.mp3
|-voice/苍龙/SoryuKai40.mp3
|-voice/苍龙/SoryuKai41.mp3
|-voice/苍龙/SoryuKai42.mp3
|-voice/苍龙/SoryuKai43.mp3
|-voice/苍龙/SoryuKai44.mp3
|-voice/苍龙/SoryuKai45.mp3
|-voice/苍龙/SoryuKai46.mp3
|-voice/苍龙/SoryuKai47.mp3
|-voice/苍龙/SoryuKai48.mp3
|-voice/苍龙/SoryuKai49.mp3
|-voice/苍龙/SoryuKai50.mp3
|-voice/苍龙/SoryuKai51.mp3
|-voice/苍龙/SoryuKai52.mp3
|-voice/苍龙/SoryuKai53.mp3
|-voice/苍龙/Soryu29.mp3
